This is pdfTeX, Version 3.1415926-2.5-1.40.14 (TeX Live 2013/Debian) (format=latex 2017.8.24)  13 NOV 2017 12:33
entering extended mode
 restricted \write18 enabled.
 %&-line parsing enabled.
**siggma.tex
(./siggma.tex
LaTeX2e <2011/06/27>
Babel <3.9h> and hyphenation patterns for 78 languages loaded.
(./aastex61.cls
Document Class: aastex61 2016/04/16 Version 6.1/AAS markup document class
Class aastex Info: 
 
 Original \LaTeX2.09 style by Chris Biemesderfer (chris@seagoat.com). 
 Adapted to \LaTeXe by A. Ogawa (ogawa@teleport.com)
 emulateapj.cls included, Copyright 2000-2015 Alexey Vikhlinin 
 Rewrite and update of emulateapj.cls, revised and enhanced with table macros, 
gridlines, draft watermark,
 track changes, new `modern' style and much more, by Amy Hendrickson,
 (amyh@texnology.com, http://www.texnology.com) 
 
  on input line 106.
\bibbaselineskip=\skip41
(/usr/share/texlive/texmf-dist/tex/latex/revtex/revtex4-1.cls
Document Class: revtex4-1 2010/07/25/20:33:00 4.1r (http://publish.aps.org/revt
ex4/ for documentation)
 Copyright (c) 2009 The American Physical Society.
 mailto:revtex@aps.org
 Licensed under the LPPL:
http://www.ctan.org/tex-archive/macros/latex/base/lppl.txt
 Arthur Ogawa <arthur_ogawa at sbcglobal dot net>
 Based on work by David Carlisle <david at dcarlisle.demon.co.uk>.
ltxutil[2010/07/25/20:33:00 4.1r utilities package (portions licensed from W. E
. Baxter web at superscript.com)]
LaTeX Info: Redefining \@centercr on input line 308.
Class revtex4-1 Info: Repairing broken LaTeX eqnarray on input line 358.
\eqncolsep=\skip42
Class revtex4-1 Info: Repairing hyperref-unfriendly LaTeX definition of \mpfoot
note on input line 433.
Class revtex4-1 Info: Repairing broken LateX \@sect on input line 755.
\intertabularlinepenalty=\count79
\@tbpen=\count80
\@arstrutbox@hline=\box26
Class revtex4-1 Info: Repairing broken LaTeX \@xbitor on input line 1786.
Class revtex4-1 Info: Making \typeout \long on input line 2046.
ltxfront[2010/07/25/20:33:00 4.1r frontmatter package (AO,DPC)]
\c@affil=\count81
\c@collab=\count82
\absbox=\box27
ltxgrid[2010/07/25/20:33:00 4.1r page grid package (portions licensed from W. E
. Baxter web at superscript.com)]
\c@linecount=\count83
\output@latex=\toks14
\box@size@1=\box28
\box@size@2=\box29
\@protection@box=\box30
\@topmark@saved=\toks15
\footins@saved=\box31
\footins@recovered=\box32
\column@recovered=\box33
\pagesofar=\box34
\footsofar=\box35
\pagegrid@col=\count84
Class revtex4-1 Info: Overriding \@vspace, \@vspacer, \@no@pgbk, \@newline, and
 \\  on input line 5578.
\c@part=\count85
\c@section=\count86
\c@subsection=\count87
\c@subsubsection=\count88
\c@paragraph=\count89
\c@subparagraph=\count90
\abovecaptionskip=\skip43
\belowcaptionskip=\skip44
\c@figure=\count91
\fbox@1=\box36
\c@table=\count92
\fbox@2=\box37
\c@video=\count93
\fbox@4=\box38
\@bibdataout=\write3
\widetext@top=\box39
\widetext@bot=\box40
Class revtex4-1 Info: Selecting society aps on input line 7542.
(/usr/share/texlive/texmf-dist/tex/latex/revtex/aps4-1.rtx
File: aps4-1 2010/07/25/20:33:00 4.1r (http://publish.aps.org/revtex4/ for docu
mentation)
Class revtex4-1 Info: RevTeX society APS selected on input line 31.
)
Class revtex4-1 Info: Selecting journal pra on input line 7544.
Class revtex4-1 Info: APS journal PRA selected on input line 7545.

(/usr/share/texlive/texmf-dist/tex/latex/revtex/aps12pt4-1.rtx
File: aps12pt4-1 2010/07/25/20:33:00 4.1r (http://publish.aps.org/revtex4/ for 
documentation)
Class revtex4-1 Info: RevTeX pointsize 12pt selected on input line 30.
)
(/usr/share/texlive/texmf-dist/tex/latex/textcase/textcase.sty
Package: textcase 2004/10/07 v0.07 Text only upper/lower case changing (DPC)
)
(/usr/share/texlive/texmf-dist/tex/latex/url/url.sty
\Urlmuskip=\muskip10
Package: url 2013/09/16  ver 3.4  Verb mode for urls, etc.
)
(/usr/share/texlive/texmf-dist/tex/latex/natbib/natbib.sty
Package: natbib 2010/09/13 8.31b (PWD, AO)
\bibhang=\skip45
\bibsep=\skip46
LaTeX Info: Redefining \cite on input line 694.
\c@NAT@ctr=\count94
)
Class revtex4-1 Info: Repairing natbib's \BibitemShut on input line 7549.

(/usr/share/texlive/texmf-dist/tex/latex/revtex/revsymb4-1.sty
Package: revsymb4-1 2010/07/25/20:33:00 4.1r (http://publish.aps.org/revtex4/ f
or documentation)
LaTeX Info: Redefining \REV@mathfrak on input line 119.
))
(/usr/share/texlive/texmf-dist/tex/latex/base/latexsym.sty
Package: latexsym 1998/08/17 v2.2e Standard LaTeX package (lasy symbols)
\symlasy=\mathgroup4
LaTeX Font Info:    Overwriting symbol font `lasy' in version `bold'
(Font)                  U/lasy/m/n --> U/lasy/b/n on input line 47.
)
(/usr/share/texlive/texmf-dist/tex/latex/graphics/graphicx.sty
Package: graphicx 1999/02/16 v1.0f Enhanced LaTeX Graphics (DPC,SPQR)

(/usr/share/texlive/texmf-dist/tex/latex/graphics/keyval.sty
Package: keyval 1999/03/16 v1.13 key=value parser (DPC)
\KV@toks@=\toks16
)
(/usr/share/texlive/texmf-dist/tex/latex/graphics/graphics.sty
Package: graphics 2009/02/05 v1.0o Standard LaTeX Graphics (DPC,SPQR)

(/usr/share/texlive/texmf-dist/tex/latex/graphics/trig.sty
Package: trig 1999/03/16 v1.09 sin cos tan (DPC)
)
(/usr/share/texlive/texmf-dist/tex/latex/latexconfig/graphics.cfg
File: graphics.cfg 2010/04/23 v1.9 graphics configuration of TeX Live
)
Package graphics Info: Driver file: dvips.def on input line 91.

(/usr/share/texlive/texmf-dist/tex/latex/graphics/dvips.def
File: dvips.def 1999/02/16 v3.0i Driver-dependant file (DPC,SPQR)
))
\Gin@req@height=\dimen102
\Gin@req@width=\dimen103
)
(/usr/share/texlive/texmf-dist/tex/latex/amsfonts/amssymb.sty
Package: amssymb 2013/01/14 v3.01 AMS font symbols

(/usr/share/texlive/texmf-dist/tex/latex/amsfonts/amsfonts.sty
Package: amsfonts 2013/01/14 v3.01 Basic AMSFonts support
\@emptytoks=\toks17
\symAMSa=\mathgroup5
\symAMSb=\mathgroup6
LaTeX Font Info:    Overwriting math alphabet `\mathfrak' in version `bold'
(Font)                  U/euf/m/n --> U/euf/b/n on input line 106.
LaTeX Info: Redefining \frak on input line 111.
LaTeX Info: Redefining \Bbb on input line 113.
)) (./epsf.sty
This is `epsf.tex' v2.7.4 <14 February 2011>
\epsffilein=\read1
\epsfframemargin=\dimen104
\epsfframethickness=\dimen105
\epsfrsize=\dimen106
\epsftmp=\dimen107
\epsftsize=\dimen108
\epsfxsize=\dimen109
\epsfysize=\dimen110
\pspoints=\dimen111
)
\fncount=\count95
\endfncount=\count96
\c@front@matter@foot@note=\count97
\keys@width=\skip47
\c@lastfootnote=\count98
\c@remember@figure@num=\count99
\c@remember@table@num=\count100
\bibskip=\skip48
\bibindent=\dimen112
\plot@width=\skip49
\c@table@save=\count101
\@abovenoteskip=\dimen113
\table@note@skip=\skip50
\deluxe@table@width=\skip51
\@d@t@a=\skip52
\c@deluxe@table@num=\count102
\LTcapwidth=\dimen114
\abovedeluxetableskip=\skip53
\belowdeluxetableskip=\skip54
\lastrowheight=\dimen115
\DT@p@ftn=\toks18
\pt@column=\count103
\pt@ncol=\count104
 (/usr/share/texlive/texmf-dist/tex/latex/tools/longtable.sty
Package: longtable 2004/02/01 v4.11 Multi-page Table package (DPC)
\LTleft=\skip55
\LTright=\skip56
\LTpre=\skip57
\LTpost=\skip58
\LTchunksize=\count105
\LTcapwidth=\dimen116
\LT@head=\box41
\LT@firsthead=\box42
\LT@foot=\box43
\LT@lastfoot=\box44
\LT@cols=\count106
\LT@rows=\count107
\c@LT@tables=\count108
\c@LT@chunks=\count109
\LT@p@ftn=\toks19
)
(/usr/share/texmf/tex/latex/xcolor/xcolor.sty
Package: xcolor 2007/01/21 v2.11 LaTeX color extensions (UK)

(/usr/share/texlive/texmf-dist/tex/latex/latexconfig/color.cfg
File: color.cfg 2007/01/18 v1.5 color configuration of teTeX/TeXLive
)
Package xcolor Info: Driver file: dvips.def on input line 225.
Package xcolor Info: Model `cmy' substituted by `cmy0' on input line 1337.
Package xcolor Info: Model `RGB' extended on input line 1353.
Package xcolor Info: Model `HTML' substituted by `rgb' on input line 1355.
Package xcolor Info: Model `Hsb' substituted by `hsb' on input line 1356.
Package xcolor Info: Model `tHsb' substituted by `hsb' on input line 1357.
Package xcolor Info: Model `HSB' substituted by `hsb' on input line 1358.
Package xcolor Info: Model `Gray' substituted by `gray' on input line 1359.
Package xcolor Info: Model `wave' substituted by `hsb' on input line 1360.
)
(/usr/share/texlive/texmf-dist/tex/latex/hyperref/hyperref.sty
Package: hyperref 2012/11/06 v6.83m Hypertext links for LaTeX

(/usr/share/texlive/texmf-dist/tex/generic/oberdiek/hobsub-hyperref.sty
Package: hobsub-hyperref 2012/05/28 v1.13 Bundle oberdiek, subset hyperref (HO)


(/usr/share/texlive/texmf-dist/tex/generic/oberdiek/hobsub-generic.sty
Package: hobsub-generic 2012/05/28 v1.13 Bundle oberdiek, subset generic (HO)
Package: hobsub 2012/05/28 v1.13 Construct package bundles (HO)
Package: infwarerr 2010/04/08 v1.3 Providing info/warning/error messages (HO)
Package: ltxcmds 2011/11/09 v1.22 LaTeX kernel commands for general use (HO)
Package: ifluatex 2010/03/01 v1.3 Provides the ifluatex switch (HO)
Package ifluatex Info: LuaTeX not detected.
Package: ifvtex 2010/03/01 v1.5 Detect VTeX and its facilities (HO)
Package ifvtex Info: VTeX not detected.
Package: intcalc 2007/09/27 v1.1 Expandable calculations with integers (HO)
Package: ifpdf 2011/01/30 v2.3 Provides the ifpdf switch (HO)
Package ifpdf Info: pdfTeX in PDF mode is not detected.
Package: etexcmds 2011/02/16 v1.5 Avoid name clashes with e-TeX commands (HO)
Package etexcmds Info: Could not find \expanded.
(etexcmds)             That can mean that you are not using pdfTeX 1.50 or
(etexcmds)             that some package has redefined \expanded.
(etexcmds)             In the latter case, load this package earlier.
Package: kvsetkeys 2012/04/25 v1.16 Key value parser (HO)
Package: kvdefinekeys 2011/04/07 v1.3 Define keys (HO)
Package: pdftexcmds 2011/11/29 v0.20 Utility functions of pdfTeX for LuaTeX (HO
)
Package pdftexcmds Info: LuaTeX not detected.
Package pdftexcmds Info: \pdf@primitive is available.
Package pdftexcmds Info: \pdf@ifprimitive is available.
Package pdftexcmds Info: \pdfdraftmode is ignored in DVI mode.
Package: pdfescape 2011/11/25 v1.13 Implements pdfTeX's escape features (HO)
Package: bigintcalc 2012/04/08 v1.3 Expandable calculations on big integers (HO
)
Package: bitset 2011/01/30 v1.1 Handle bit-vector datatype (HO)
Package: uniquecounter 2011/01/30 v1.2 Provide unlimited unique counter (HO)
)
Package hobsub Info: Skipping package `hobsub' (already loaded).
Package: letltxmacro 2010/09/02 v1.4 Let assignment for LaTeX macros (HO)
Package: hopatch 2012/05/28 v1.2 Wrapper for package hooks (HO)
Package: xcolor-patch 2011/01/30 xcolor patch
Package: atveryend 2011/06/30 v1.8 Hooks at the very end of document (HO)
Package: atbegshi 2011/10/05 v1.16 At begin shipout hook (HO)
Package: refcount 2011/10/16 v3.4 Data extraction from label references (HO)
Package: hycolor 2011/01/30 v1.7 Color options for hyperref/bookmark (HO)
)
(/usr/share/texlive/texmf-dist/tex/generic/ifxetex/ifxetex.sty
Package: ifxetex 2010/09/12 v0.6 Provides ifxetex conditional
)
(/usr/share/texlive/texmf-dist/tex/latex/oberdiek/auxhook.sty
Package: auxhook 2011/03/04 v1.3 Hooks for auxiliary files (HO)
)
(/usr/share/texlive/texmf-dist/tex/latex/oberdiek/kvoptions.sty
Package: kvoptions 2011/06/30 v3.11 Key value format for package options (HO)
)
\@linkdim=\dimen117
\Hy@linkcounter=\count110
\Hy@pagecounter=\count111

(/usr/share/texlive/texmf-dist/tex/latex/hyperref/pd1enc.def
File: pd1enc.def 2012/11/06 v6.83m Hyperref: PDFDocEncoding definition (HO)
)
\Hy@SavedSpaceFactor=\count112

(/usr/share/texlive/texmf-dist/tex/latex/latexconfig/hyperref.cfg
File: hyperref.cfg 2002/06/06 v1.2 hyperref configuration of TeXLive
)
Package hyperref Info: Option `bookmarks' set `false' on input line 4319.
Package hyperref Info: Option `pdfnewwindow' set `true' on input line 4319.
Package hyperref Info: Option `colorlinks' set `true' on input line 4319.
Package hyperref Info: Option `final' set `true' on input line 4319.
Package hyperref Info: Hyper figures OFF on input line 4443.
Package hyperref Info: Link nesting OFF on input line 4448.
Package hyperref Info: Hyper index ON on input line 4451.
Package hyperref Info: Plain pages OFF on input line 4458.
Package hyperref Info: Backreferencing OFF on input line 4463.
Package hyperref Info: Implicit mode ON; LaTeX internals redefined.
Package hyperref Info: Bookmarks OFF on input line 4694.
LaTeX Info: Redefining \href on input line 4952.
\c@Hy@tempcnt=\count113
LaTeX Info: Redefining \url on input line 5041.
\XeTeXLinkMargin=\dimen118
\Fld@menulength=\count114
\Field@Width=\dimen119
\Fld@charsize=\dimen120
Package hyperref Info: Hyper figures OFF on input line 6295.
Package hyperref Info: Link nesting OFF on input line 6300.
Package hyperref Info: Hyper index ON on input line 6303.
Package hyperref Info: backreferencing OFF on input line 6310.
Package hyperref Info: Link coloring ON on input line 6313.
Package hyperref Info: Link coloring with OCG OFF on input line 6320.
Package hyperref Info: PDF/A mode OFF on input line 6325.
LaTeX Info: Redefining \ref on input line 6365.
LaTeX Info: Redefining \pageref on input line 6369.
\Hy@abspage=\count115
\c@Item=\count116
\c@Hfootnote=\count117
)

Package hyperref Message: Driver (default): hdvips.

(/usr/share/texlive/texmf-dist/tex/latex/hyperref/hdvips.def
File: hdvips.def 2012/11/06 v6.83m Hyperref driver for dvips

(/usr/share/texlive/texmf-dist/tex/latex/hyperref/pdfmark.def
File: pdfmark.def 2012/11/06 v6.83m Hyperref definitions for pdfmark specials
\pdf@docset=\toks20
\pdf@box=\box45
\pdf@toks=\toks21
\pdf@defaulttoks=\toks22
\HyField@AnnotCount=\count118
\Fld@listcount=\count119
\c@bookmark@seq@number=\count120

(/usr/share/texlive/texmf-dist/tex/latex/oberdiek/rerunfilecheck.sty
Package: rerunfilecheck 2011/04/15 v1.7 Rerun checks for auxiliary files (HO)
Package uniquecounter Info: New unique counter `rerunfilecheck' on input line 2
82.
)
\Hy@SectionHShift=\skip59
))
(/usr/share/texlive/texmf-dist/tex/latex/tools/array.sty
Package: array 2008/09/09 v2.4c Tabular extension package (FMi)
\col@sep=\dimen121
\extrarowheight=\dimen122
\NC@list=\toks23
\extratabsurround=\skip60
\backup@length=\skip61
)
\colcount=\count121
\firstcolcount=\count122
\secondcolcount=\count123
\thirdcolcount=\count124
\columncount=\count125
\howmanyDs=\count126
\firsthowmanyDs=\count127
\secondhowmanyDs=\count128
\PartsOfTable=\count129
\columnoneandtwo=\count130
\colnumsused=\count131
\loopnum=\count132
\totalcolumncount=\count133
\totalcolumns=\count134
\firsttablebox=\box46
\secondtablebox=\box47
\thirdtablebox=\box48
\longtablebox=\box49
\splitbox=\box50
\movetabledown=\dimen123
\maxtablewidth=\dimen124
\savetabskip=\dimen125
\tempcounter=\count135
\colheadcount=\count136
\rotatetablebox=\box51
\colorcount=\count137
\refchangenumber=\count138
\listchangenum=\count139

(/usr/share/texlive/texmf-dist/tex/generic/ulem/ulem.sty
\UL@box=\box52
\UL@hyphenbox=\box53
\UL@skip=\skip62
\UL@hook=\toks24
\UL@height=\dimen126
\UL@pe=\count140
\UL@pixel=\dimen127
\ULC@box=\box54
Package: ulem 2012/05/18
\ULdepth=\dimen128
)
\AuthorCollaborationLimit=\count141
\largestAffilNum=\count142
\countauthors=\count143
\c@affilcount=\count144
)
(/usr/share/texlive/texmf-dist/tex/latex/threeparttable/threeparttable.sty
Package: threeparttable 2003/06/13  v 3.0
\@tempboxb=\box55
)
(/usr/share/texlive/texmf-dist/tex/latex/subfig/subfig.sty
Package: subfig 2005/06/28 ver: 1.3 subfig package

(/usr/share/texlive/texmf-dist/tex/latex/caption/caption3.sty
Package: caption3 2013/05/02 v1.6-88 caption3 kernel (AR)
Package caption3 Info: TeX engine: e-TeX on input line 57.
\captionmargin=\dimen129
\captionmargin@=\dimen130
\captionwidth=\dimen131
\caption@tempdima=\dimen132
\caption@indent=\dimen133
\caption@parindent=\dimen134
\caption@hangindent=\dimen135
Package caption Info: Unknown document class (or package),
(caption)             standard defaults will be used.
)
\c@KVtest=\count145
\sf@farskip=\skip63
\sf@captopadj=\dimen136
\sf@capskip=\skip64
\sf@nearskip=\skip65
\c@subfigure=\count146
\c@subfigure@save=\count147
\c@lofdepth=\count148
\c@subtable=\count149
\c@subtable@save=\count150
\c@lotdepth=\count151
\sf@top=\skip66
\sf@bottom=\skip67
)
(/usr/share/texlive/texmf-dist/tex/latex/float/float.sty
Package: float 2001/11/08 v1.3d Float enhancements (AL)
\c@float@type=\count152
\float@exts=\toks25
\float@box=\box56
\@float@everytoks=\toks26
\@floatcapt=\box57
)
Class revtex4-1 Info: Unrecognized array package. Please update this document c
lass! (Proceeding with fingers crossed.) on input line 36.


Class revtex4-1 Warning: Repair the float package.

Class revtex4-1 Info: Patching unrecognized longtable package. (Proceeding with
 fingers crossed) on input line 36.
Class revtex4-1 Info: Robustifying \LaTeX's \boldmath command on input line 36.

Class revtex4-1 Info: cite was not loaded (OK!) on input line 36.
Class revtex4-1 Info: mcite was not loaded (OK!) on input line 36.
Class revtex4-1 Info: multicol was not loaded (OK!) on input line 36.
(./siggma.aux)
\openout1 = `siggma.aux'.

LaTeX Font Info:    Checking defaults for OML/cmm/m/it on input line 36.
LaTeX Font Info:    ... okay on input line 36.
LaTeX Font Info:    Checking defaults for T1/cmr/m/n on input line 36.
LaTeX Font Info:    ... okay on input line 36.
LaTeX Font Info:    Checking defaults for OT1/cmr/m/n on input line 36.
LaTeX Font Info:    ... okay on input line 36.
LaTeX Font Info:    Checking defaults for OMS/cmsy/m/n on input line 36.
LaTeX Font Info:    ... okay on input line 36.
LaTeX Font Info:    Checking defaults for OMX/cmex/m/n on input line 36.
LaTeX Font Info:    ... okay on input line 36.
LaTeX Font Info:    Checking defaults for U/cmr/m/n on input line 36.
LaTeX Font Info:    ... okay on input line 36.
LaTeX Font Info:    Checking defaults for PD1/pdf/m/n on input line 36.
LaTeX Font Info:    ... okay on input line 36.
\AtBeginShipoutBox=\box58
Package hyperref Info: Link coloring ON on input line 36.
 (/usr/share/texlive/texmf-dist/tex/latex/hyperref/nameref.sty
Package: nameref 2012/10/27 v2.43 Cross-referencing by name of section

(/usr/share/texlive/texmf-dist/tex/generic/oberdiek/gettitlestring.sty
Package: gettitlestring 2010/12/03 v1.4 Cleanup title references (HO)
)
\c@section@level=\count153
)
LaTeX Info: Redefining \ref on input line 36.
LaTeX Info: Redefining \pageref on input line 36.
LaTeX Info: Redefining \nameref on input line 36.
Package caption Info: Begin \AtBeginDocument code.
Package caption Info: subfig package v1.3 is loaded.
Package caption Info: End \AtBeginDocument code.
\openout3 = `siggmaNotes.bib'.

LaTeX Font Info:    Try loading font information for U+lasy on input line 62.

(/usr/share/texlive/texmf-dist/tex/latex/base/ulasy.fd
File: ulasy.fd 1998/08/17 v2.2e LaTeX symbol font definitions
)
LaTeX Font Info:    Try loading font information for U+msa on input line 62.

(/usr/share/texlive/texmf-dist/tex/latex/amsfonts/umsa.fd
File: umsa.fd 2013/01/14 v3.01 AMS symbols A
)
LaTeX Font Info:    Try loading font information for U+msb on input line 62.

(/usr/share/texlive/texmf-dist/tex/latex/amsfonts/umsb.fd
File: umsb.fd 2013/01/14 v3.01 AMS symbols B
) [1] [2]
LaTeX Font Info:    Try loading font information for OML+cmr on input line 126.


(/usr/share/texlive/texmf-dist/tex/latex/base/omlcmr.fd
File: omlcmr.fd 1999/05/25 v2.5h Standard LaTeX font definitions
)
LaTeX Font Info:    Font shape `OML/cmr/m/n' in size <12> not available
(Font)              Font shape `OML/cmm/m/it' tried instead on input line 126.
 [3]
Overfull \vbox (1.22119pt too high) has occurred while \output is active []


[4]
File: siggma_skycover.eps Graphic file (type eps)
 <siggma_skycover.eps> [5] [6]
File: siggma_spec.eps Graphic file (type eps)
 <siggma_spec.eps>
File: siggma_rms_hist.eps Graphic file (type eps)
 <siggma_rms_hist.eps>
[7]
File: siggma_rms_glon.eps Graphic file (type eps)
 <siggma_rms_glon.eps>
File: siggma_rms_glat.eps Graphic file (type eps)
 <siggma_rms_glat.eps> [8]
File: siggma_wise_vlsr.eps Graphic file (type eps)
 <siggma_wise_vlsr.eps>
[9]
File: siggma_rrl_map.eps Graphic file (type eps)
 <siggma_rrl_map.eps>
Overfull \hbox (10.26476pt too wide) in paragraph at lines 339--340
 [] 
 []

File: siggma_lv_map.eps Graphic file (type eps)
<siggma_lv_map.eps>
Overfull \hbox (10.26476pt too wide) in paragraph at lines 362--363
 [] 
 []

[10] [11]
File: temperature_thermal_map.eps Graphic file (type eps)
 <temperature_thermal_map.eps>
File: temperature_thermal_plot.eps Graphic file (type eps)
 <temperature_thermal_plot.eps> [12]
[13]
File: crrl_eps/G34.2+0.2_ca_spec.eps Graphic file (type eps)
 <crrl_eps/G34.2+0.2_ca_spec.eps>
File: crrl_eps/G34.2+0.2_rgb_contour.eps Graphic file (type eps)
 <crrl_eps/G34.2+0.2_rgb_contour.eps>
[14] [15]
File: snr_eps/G34.7-0.4_ha_spec.eps Graphic file (type eps)
 <snr_eps/G34.7-0.4_ha_spec.eps>
File: snr_eps/G34.7-0.4_vgps_contour.eps Graphic file (type eps)
 <snr_eps/G34.7-0.4_vgps_contour.eps>
[16] [17]
File: w49_spec_map.eps Graphic file (type eps)
 <w49_spec_map.eps>
File: w49_vgps_siggma_v1.eps Graphic file (type eps)
 <w49_vgps_siggma_v1.eps>
File: w49_vgps_siggma_v2.eps Graphic file (type eps)
 <w49_vgps_siggma_v2.eps>
[18] [19]
File: w51_rgb_siggma.eps Graphic file (type eps)
 <w51_rgb_siggma.eps> [20] [21]
File: crrl_eps/G34.7-0.6_ca_spec.eps Graphic file (type eps)
 <crrl_eps/G34.7-0.6_ca_spec.eps>
File: crrl_eps/G34.7-0.6_rgb_contour.eps Graphic file (type eps)

<crrl_eps/G34.7-0.6_rgb_contour.eps>
File: crrl_eps/G35.1-0.7_ca_spec.eps Graphic file (type eps)
 <crrl_eps/G35.1-0.7_ca_spec.eps>
File: crrl_eps/G35.1-0.7_rgb_contour.eps Graphic file (type eps)

<crrl_eps/G35.1-0.7_rgb_contour.eps>
File: crrl_eps/G38.9-0.4_ca_spec.eps Graphic file (type eps)
 <crrl_eps/G38.9-0.4_ca_spec.eps>
File: crrl_eps/G38.9-0.4_rgb_contour.eps Graphic file (type eps)

<crrl_eps/G38.9-0.4_rgb_contour.eps> [22]
File: crrl_eps/G43.2-0.0_ca_spec.eps Graphic file (type eps)
 <crrl_eps/G43.2-0.0_ca_spec.eps>
File: crrl_eps/G43.2-0.0_rgb_contour.eps Graphic file (type eps)

<crrl_eps/G43.2-0.0_rgb_contour.eps>
File: crrl_eps/G45.5+0.0_ca_spec.eps Graphic file (type eps)
 <crrl_eps/G45.5+0.0_ca_spec.eps>
File: crrl_eps/G45.5+0.0_rgb_contour.eps Graphic file (type eps)

<crrl_eps/G45.5+0.0_rgb_contour.eps> [23]
File: crrl_eps/G49.5-0.4_ca_spec.eps Graphic file (type eps)
 <crrl_eps/G49.5-0.4_ca_spec.eps>
File: crrl_eps/G49.5-0.4_rgb_contour.eps Graphic file (type eps)

<crrl_eps/G49.5-0.4_rgb_contour.eps>
File: crrl_eps/G53.6+0.0_ca_spec.eps Graphic file (type eps)
 <crrl_eps/G53.6+0.0_ca_spec.eps>
File: crrl_eps/G53.6+0.0_rgb_contour.eps Graphic file (type eps)

<crrl_eps/G53.6+0.0_rgb_contour.eps> [24]
File: crrl_eps/G60.9-0.1_ca_spec.eps Graphic file (type eps)
 <crrl_eps/G60.9-0.1_ca_spec.eps>
File: crrl_eps/G60.9-0.1_rgb_contour.eps Graphic file (type eps)

<crrl_eps/G60.9-0.1_rgb_contour.eps>
File: crrl_eps/G61.4+0.1_ca_spec.eps Graphic file (type eps)
 <crrl_eps/G61.4+0.1_ca_spec.eps>
File: crrl_eps/G61.4+0.1_rgb_contour.eps Graphic file (type eps)

<crrl_eps/G61.4+0.1_rgb_contour.eps> [25]
File: crrl_eps/G63.1+0.4_ca_spec.eps Graphic file (type eps)
 <crrl_eps/G63.1+0.4_ca_spec.eps>
File: crrl_eps/G63.1+0.4_rgb_contour.eps Graphic file (type eps)

<crrl_eps/G63.1+0.4_rgb_contour.eps> [26] [27]
File: snr_eps/G33.6+0.1_ha_spec.eps Graphic file (type eps)
 <snr_eps/G33.6+0.1_ha_spec.eps>
File: snr_eps/G33.6+0.1_vgps_contour.eps Graphic file (type eps)

<snr_eps/G33.6+0.1_vgps_contour.eps>
File: snr_eps/G35.6-0.4_ha_spec.eps Graphic file (type eps)
 <snr_eps/G35.6-0.4_ha_spec.eps>
File: snr_eps/G35.6-0.4_vgps_contour.eps Graphic file (type eps)

<snr_eps/G35.6-0.4_vgps_contour.eps>
File: snr_eps/G36.6-0.7_ha_spec.eps Graphic file (type eps)
 <snr_eps/G36.6-0.7_ha_spec.eps>
File: snr_eps/G36.6-0.7_vgps_contour.eps Graphic file (type eps)

<snr_eps/G36.6-0.7_vgps_contour.eps> [28]
File: snr_eps/G39.2-0.3_ha_spec.eps Graphic file (type eps)
 <snr_eps/G39.2-0.3_ha_spec.eps>
File: snr_eps/G39.2-0.3_vgps_contour.eps Graphic file (type eps)

<snr_eps/G39.2-0.3_vgps_contour.eps>
File: snr_eps/G40.5-0.5_ha_spec.eps Graphic file (type eps)
 <snr_eps/G40.5-0.5_ha_spec.eps>
File: snr_eps/G40.5-0.5_vgps_contour.eps Graphic file (type eps)

<snr_eps/G40.5-0.5_vgps_contour.eps> [29]
File: snr_eps/G41.1-0.3_ha_spec.eps Graphic file (type eps)
 <snr_eps/G41.1-0.3_ha_spec.eps>
File: snr_eps/G41.1-0.3_vgps_contour.eps Graphic file (type eps)

<snr_eps/G41.1-0.3_vgps_contour.eps>
File: snr_eps/G41.5+0.4_ha_spec.eps Graphic file (type eps)
 <snr_eps/G41.5+0.4_ha_spec.eps>
File: snr_eps/G41.5+0.4_vgps_contour.eps Graphic file (type eps)

<snr_eps/G41.5+0.4_vgps_contour.eps> [30]
File: snr_eps/G43.3-0.2_ha_spec.eps Graphic file (type eps)
 <snr_eps/G43.3-0.2_ha_spec.eps>
File: snr_eps/G43.3-0.2_vgps_contour.eps Graphic file (type eps)

<snr_eps/G43.3-0.2_vgps_contour.eps>
File: snr_eps/G45.7-0.4_ha_spec.eps Graphic file (type eps)
 <snr_eps/G45.7-0.4_ha_spec.eps>
File: snr_eps/G45.7-0.4_vgps_contour.eps Graphic file (type eps)

<snr_eps/G45.7-0.4_vgps_contour.eps> [31]
File: snr_eps/G46.8-0.3_ha_spec.eps Graphic file (type eps)
 <snr_eps/G46.8-0.3_ha_spec.eps>
File: snr_eps/G46.8-0.3_vgps_contour.eps Graphic file (type eps)

<snr_eps/G46.8-0.3_vgps_contour.eps>
File: snr_eps/G49.2-0.7_ha_spec.eps Graphic file (type eps)
 <snr_eps/G49.2-0.7_ha_spec.eps>
File: snr_eps/G49.2-0.7_vgps_contour.eps Graphic file (type eps)

<snr_eps/G49.2-0.7_vgps_contour.eps> [32]
File: snr_eps/G54.4-0.3_ha_spec.eps Graphic file (type eps)
 <snr_eps/G54.4-0.3_ha_spec.eps>
File: snr_eps/G54.4-0.3_vgps_contour.eps Graphic file (type eps)

<snr_eps/G54.4-0.3_vgps_contour.eps>
File: snr_eps/G57.2+0.8_ha_spec.eps Graphic file (type eps)
 <snr_eps/G57.2+0.8_ha_spec.eps>
File: snr_eps/G57.2+0.8_vgps_contour.eps Graphic file (type eps)

<snr_eps/G57.2+0.8_vgps_contour.eps> [33] [34] (./table_cata_k.tex
Overfull \vbox (3.90831pt too high) has occurred while \output is active []


[35] [36] [37] [38] [39] [40] [41] [42] [43] [44] [45] [46] [47] [48] [49]
[50]) (./table_cata_c.tex [51] [52] [53] [54] [55]) [56] (./siggma.bbl [57])
[58]
Package atveryend Info: Empty hook `AfterLastShipout' on input line 918.
 (./siggma.aux)
Package atveryend Info: Empty hook `AtVeryEndDocument' on input line 918.
Package atveryend Info: Empty hook `AtEndAfterFileList' on input line 918.
 ) 
Here is how much of TeX's memory you used:
 9431 strings out of 493305
 135792 string characters out of 6139897
 297061 words of memory out of 5000000
 12733 multiletter control sequences out of 15000+600000
 15512 words of font info for 62 fonts, out of 8000000 for 9000
 957 hyphenation exceptions out of 8191
 36i,12n,47p,622b,573s stack positions out of 5000i,500n,10000p,200000b,80000s

Output written on siggma.dvi (58 pages, 249624 bytes).
